  MyForm.cpp
C:\Users\Neo\Desktop\CG\Task_6_Martyshin\Martyshin\Transform.h(41,44): warning C4244: 'argument': conversion from 'double' to 'const float', possible loss of data
C:\Users\Neo\Desktop\CG\Task_6_Martyshin\Martyshin\Transform.h(43,15): warning C4244: 'argument': conversion from 'double' to 'const float', possible loss of data
C:\Users\Neo\Desktop\CG\Task_6_Martyshin\Martyshin\MyForm.h(221,21): warning C4018: '<': signed/unsigned mismatch
C:\Users\Neo\Desktop\CG\Task_6_Martyshin\Martyshin\MyForm.h(224,22): warning C4018: '<': signed/unsigned mismatch
C:\Users\Neo\Desktop\CG\Task_6_Martyshin\Martyshin\MyForm.h(227,83): warning C4244: 'argument': conversion from 'float' to 'int', possible loss of data
C:\Users\Neo\Desktop\CG\Task_6_Martyshin\Martyshin\MyForm.h(227,68): warning C4244: 'argument': conversion from 'float' to 'int', possible loss of data
C:\Users\Neo\Desktop\CG\Task_6_Martyshin\Martyshin\MyForm.h(227,53): warning C4244: 'argument': conversion from 'float' to 'int', possible loss of data
C:\Users\Neo\Desktop\CG\Task_6_Martyshin\Martyshin\MyForm.h(233,23): warning C4018: '<': signed/unsigned mismatch
C:\Users\Neo\Desktop\CG\Task_6_Martyshin\Martyshin\MyForm.h(298,33): warning C4244: '=': conversion from 'double' to 'float', possible loss of data
C:\Users\Neo\Desktop\CG\Task_6_Martyshin\Martyshin\MyForm.h(352,33): warning C4244: 'argument': conversion from 'double' to 'float', possible loss of data
C:\Users\Neo\Desktop\CG\Task_6_Martyshin\Martyshin\MyForm.h(392,1): warning C4305: 'argument': truncation from 'double' to 'float'
C:\Users\Neo\Desktop\CG\Task_6_Martyshin\Martyshin\MyForm.h(402,1): warning C4305: 'argument': truncation from 'double' to 'float'
C:\Users\Neo\Desktop\CG\Task_6_Martyshin\Martyshin\MyForm.h(410,1): warning C4305: 'argument': truncation from 'double' to 'float'
C:\Users\Neo\Desktop\CG\Task_6_Martyshin\Martyshin\MyForm.h(419,1): warning C4305: 'argument': truncation from 'double' to 'float'
C:\Users\Neo\Desktop\CG\Task_6_Martyshin\Martyshin\MyForm.h(431,1): warning C4305: 'argument': truncation from 'double' to 'float'
C:\Users\Neo\Desktop\CG\Task_6_Martyshin\Martyshin\MyForm.h(438,1): warning C4305: 'argument': truncation from 'double' to 'float'
C:\Users\Neo\Desktop\CG\Task_6_Martyshin\Martyshin\MyForm.h(444,1): warning C4305: 'argument': truncation from 'double' to 'float'
C:\Users\Neo\Desktop\CG\Task_6_Martyshin\Martyshin\MyForm.h(474,1): warning C4305: 'argument': truncation from 'double' to 'float'
C:\Users\Neo\Desktop\CG\Task_6_Martyshin\Martyshin\MyForm.h(479,1): warning C4305: 'argument': truncation from 'double' to 'float'
C:\Users\Neo\Desktop\CG\Task_6_Martyshin\Martyshin\MyForm.h(488,1): warning C4305: 'argument': truncation from 'double' to 'float'
C:\Users\Neo\Desktop\CG\Task_6_Martyshin\Martyshin\MyForm.h(493,1): warning C4305: 'argument': truncation from 'double' to 'float'
C:\Users\Neo\Desktop\CG\Task_6_Martyshin\Martyshin\MyForm.h(503,1): warning C4305: 'argument': truncation from 'double' to 'float'
C:\Users\Neo\Desktop\CG\Task_6_Martyshin\Martyshin\MyForm.h(508,1): warning C4305: 'argument': truncation from 'double' to 'float'
C:\Users\Neo\Desktop\CG\Task_6_Martyshin\Martyshin\MyForm.h(546,1): warning C4305: '-=': truncation from 'double' to 'float'
C:\Users\Neo\Desktop\CG\Task_6_Martyshin\Martyshin\MyForm.h(554,1): warning C4305: '+=': truncation from 'double' to 'float'
C:\Users\Neo\Desktop\CG\Task_6_Martyshin\Martyshin\MyForm.h(566,1): warning C4305: '-=': truncation from 'double' to 'float'
C:\Users\Neo\Desktop\CG\Task_6_Martyshin\Martyshin\MyForm.h(572,1): warning C4305: '+=': truncation from 'double' to 'float'
C:\Users\Neo\Desktop\CG\Task_6_Martyshin\Martyshin\MyForm.h(583,1): warning C4305: '-=': truncation from 'double' to 'float'
C:\Users\Neo\Desktop\CG\Task_6_Martyshin\Martyshin\MyForm.h(589,1): warning C4305: '+=': truncation from 'double' to 'float'
C:\Users\Neo\Desktop\CG\Task_6_Martyshin\Martyshin\MyForm.h(600,1): warning C4305: '-=': truncation from 'double' to 'float'
C:\Users\Neo\Desktop\CG\Task_6_Martyshin\Martyshin\MyForm.h(607,1): warning C4305: '+=': truncation from 'double' to 'float'
C:\Users\Neo\Desktop\CG\Task_6_Martyshin\Martyshin\MyForm.h(619,1): warning C4305: '-=': truncation from 'double' to 'float'
C:\Users\Neo\Desktop\CG\Task_6_Martyshin\Martyshin\MyForm.h(625,1): warning C4305: '+=': truncation from 'double' to 'float'
C:\Users\Neo\Desktop\CG\Task_6_Martyshin\Martyshin\Matrix.h(177): warning C4172: returning address of local variable or temporary
C:\Users\Neo\Desktop\CG\Task_6_Martyshin\Martyshin\Matrix.h(237): warning C4172: returning address of local variable or temporary
  MyForm.obj : MSIL module encountered; incremental linking is disabled for MSIL; performing full link
  Martyshin.vcxproj -> C:\Users\Neo\Desktop\CG\Task_6_Martyshin\Debug\Martyshin.exe
